Build started 12/4/2015 12:15:01 PM.
     1>Project "C:\Users\Sean\OneDrive\Documents\Portland State University\ECE_411\Practicum\Code\ECE411_T04_LevelingTable\ECE411_T04_LevelingTable\ECE411_T04_LevelingTable.vcxproj" on node 2 (Build target(s)).
     1>ClCompile:
         C:\Program Files (x86)\Microsoft Visual Studio 12.0\VC\bin\CL.exe /c /ZI /nologo /W3 /WX- /sdl /Od /Oy- /D _MBCS /Gm /EHsc /RTC1 /MDd /GS /fp:precise /Zc:wchar_t /Zc:forScope /Fo"Debug\\" /Fd"Debug\vc120.pdb" /Gd /TP /analyze- /errorReport:prompt main.cpp
         main.cpp
     1>c:\users\sean\onedrive\documents\portland state university\ece_411\practicum\code\ece411_t04_levelingtable\ece411_t04_levelingtable\main.cpp(144): warning C4244: 'argument' : conversion from 'time_t' to 'unsigned int', possible loss of data
     1>c:\users\sean\onedrive\documents\portland state university\ece_411\practicum\code\ece411_t04_levelingtable\ece411_t04_levelingtable\main.cpp(228): warning C4244: 'argument' : conversion from 'time_t' to 'unsigned int', possible loss of data
     1>c:\users\sean\onedrive\documents\portland state university\ece_411\practicum\code\ece411_t04_levelingtable\ece411_t04_levelingtable\main.cpp(289): warning C4244: 'argument' : conversion from 'time_t' to 'unsigned int', possible loss of data
       Link:
         C:\Program Files (x86)\Microsoft Visual Studio 12.0\VC\bin\link.exe /ERRORREPORT:PROMPT /OUT:"C:\Users\Sean\OneDrive\Documents\Portland State University\ECE_411\Practicum\Code\ECE411_T04_LevelingTable\Debug\ECE411_T04_LevelingTable.exe" /INCREMENTAL /NOLOGO kernel32.lib user32.lib gdi32.lib winspool.lib comdlg32.lib advapi32.lib shell32.lib ole32.lib oleaut32.lib uuid.lib odbc32.lib odbccp32.lib /MANIFEST /MANIFESTUAC:"level='asInvoker' uiAccess='false'" /manifest:embed /DEBUG /PDB:"C:\Users\Sean\OneDrive\Documents\Portland State University\ECE_411\Practicum\Code\ECE411_T04_LevelingTable\Debug\ECE411_T04_LevelingTable.pdb" /TLBID:1 /DYNAMICBASE /NXCOMPAT /IMPLIB:"C:\Users\Sean\OneDrive\Documents\Portland State University\ECE_411\Practicum\Code\ECE411_T04_LevelingTable\Debug\ECE411_T04_LevelingTable.lib" /MACHINE:X86 Debug\Accelerometer.obj
         Debug\Dotstar.obj
         Debug\LED.obj
         Debug\LEDStrip.obj
         Debug\main.obj
         Debug\ServoController.obj
         Debug\SystemManager.obj
         ECE411_T04_LevelingTable.vcxproj -> C:\Users\Sean\OneDrive\Documents\Portland State University\ECE_411\Practicum\Code\ECE411_T04_LevelingTable\Debug\ECE411_T04_LevelingTable.exe
     1>Done Building Project "C:\Users\Sean\OneDrive\Documents\Portland State University\ECE_411\Practicum\Code\ECE411_T04_LevelingTable\ECE411_T04_LevelingTable\ECE411_T04_LevelingTable.vcxproj" (Build target(s)).

Build succeeded.

Time Elapsed 00:00:01.67
